<?xml version="1.0" encoding="UTF-8"?>
<testsuite xmlns:xsi="http://www.w3.org/2001/XMLSchema-instance" xsi:noNamespaceSchemaLocation="https://maven.apache.org/surefire/maven-surefire-plugin/xsd/surefire-test-report-3.0.xsd" version="3.0" name="GoodFastCheapTest" time="0.035" tests="8" errors="0" skipped="0" failures="0">
  <properties>
[...]
</properties>
  <testcase name="testOnlyCheapFalse" classname="GoodFastCheapTest" time="0.003"/>
  <testcase name="testOnlyFastFalse" classname="GoodFastCheapTest" time="0.0"/>
  <testcase name="testGoodFastTrue" classname="GoodFastCheapTest" time="0.0"/>
  <testcase name="fastCheapTrue" classname="GoodFastCheapTest" time="0.0"/>
  <testcase name="testFastOnlyFast" classname="GoodFastCheapTest" time="0.0"/>
  <testcase name="testOnlyGoodFalse" classname="GoodFastCheapTest" time="0.0"/>
  <testcase name="testGoodOnlyFalse" classname="GoodFastCheapTest" time="0.0"/>
  <testcase name="testGoodCheapTrue" classname="GoodFastCheapTest" time="0.0"/>
</testsuite>